<?xml version="1.0" encoding="UTF-8"?>
<!-- Generated by org.testng.reporters.JUnitReportReporter -->
<testsuite hostname="IN-LAP-ANJALI" failures="0" tests="2" name="RESTAssuredAutomation.RESTAssuredAutomation.GetAndPostExamples" time="3.375" errors="0" timestamp="2024-07-08T14:40:08 IST" skipped="0">
  <testcase classname="RESTAssuredAutomation.RESTAssuredAutomation.GetAndPostExamples" name="testGet" time="2.841"/>
  <testcase classname="RESTAssuredAutomation.RESTAssuredAutomation.GetAndPostExamples" name="testPost" time="0.534"/>
</testsuite> <!-- RESTAssuredAutomation.RESTAssuredAutomation.GetAndPostExamples -->
