<?xml version="1.0" encoding="UTF-8"?>
<!-- Generated by org.testng.reporters.JUnitReportReporter -->
<testsuite hostname="IN-LAP-ANJALI" failures="0" tests="3" name="RESTAssuredAutomation.RESTAssuredAutomation.PutExamples" time="4.142" errors="0" timestamp="2024-07-08T14:50:50 IST" skipped="0">
  <testcase classname="RESTAssuredAutomation.RESTAssuredAutomation.PutExamples" name="testPut" time="0.569"/>
  <testcase classname="RESTAssuredAutomation.RESTAssuredAutomation.PutExamples" name="testDelete" time="3.004"/>
  <testcase classname="RESTAssuredAutomation.RESTAssuredAutomation.PutExamples" name="testPatch" time="0.569"/>
</testsuite> <!-- RESTAssuredAutomation.RESTAssuredAutomation.PutExamples -->
