<?xml version="1.0" encoding="UTF-8"?>
<!-- Generated by org.testng.reporters.JUnitReportReporter -->
<testsuite hostname="IN-LAP-ANJALI" failures="0" tests="2" name="RESTAssuredAutomation.RESTAssuredAutomation.AppTest" time="2.454" errors="0" timestamp="2024-07-08T13:51:54 IST" skipped="0">
  <testcase classname="RESTAssuredAutomation.RESTAssuredAutomation.AppTest" name="test_1" time="1.699"/>
  <testcase classname="RESTAssuredAutomation.RESTAssuredAutomation.AppTest" name="test_2" time="0.755"/>
</testsuite> <!-- RESTAssuredAutomation.RESTAssuredAutomation.AppTest -->
